[2025-03-16 03:43:07] ERROR: Missing required event field: comments_suggestions
File: C:\xampp\htdocs\ckiosk\ajax\submit_Feedback.php (Line: 151)
POST Data (sanitized):
{
    "feedback_category": "org",
    "client_type": "",
    "date": "",
    "age": "",
    "office": "",
    "service": "",
    "organization": "4",
    "evaluate_event": "1",
    "event_quality": "2",
    "org_communication": "3",
    "inclusivity": "4",
    "leadership": "3",
    "skill_dev": "3",
    "impact": "3",
    "activity_title": "dawdwa",
    "activity_date": "2025-03-06",
    "venue": "dwad",
    "student_org": "dwad",
    "position": "dwad",
    "communication_rating": "5",
    "video_quality": "4",
    "audio_quality": "3",
    "mastery_rating": "3",
    "time_management": "4",
    "methodologies": "3",
    "conduct": "2",
    "topic_informative": "2",
    "activity_relevance": "3",
    "comments_suggestions": "",
    "improvements": "dwdwa",
    "email": "",
    "name": ""
}
--------------------------------------------------------------------------------
[2025-05-01 04:27:57] ERROR: Missing required event field: comments_suggestions
File: C:\xampp\htdocs\projectCkiosk\ajax\submit_feedback.php (Line: 151)
POST Data (sanitized):
{
    "feedback_category": "org",
    "client_type": "",
    "date": "2025-05-01",
    "age": "",
    "office": "",
    "service": "",
    "organization": "5",
    "evaluate_event": "1",
    "event_quality": "1",
    "org_communication": "3",
    "inclusivity": "2",
    "leadership": "3",
    "skill_dev": "4",
    "impact": "3",
    "activity_title": "dawdaw",
    "activity_date": "2025-05-01",
    "venue": "dawd",
    "position": "awdawdwa",
    "student_org": "5",
    "communication_rating": "3",
    "video_quality": "4",
    "audio_quality": "2",
    "mastery_rating": "3",
    "time_management": "4",
    "methodologies": "3",
    "conduct": "3",
    "topic_informative": "3",
    "activity_relevance": "2",
    "improvements": "dawdawd",
    "email": "",
    "name": ""
}
--------------------------------------------------------------------------------
[2025-05-01 04:32:49] ERROR: Missing required event field: comments_suggestions
File: C:\xampp\htdocs\projectCkiosk\ajax\submit_feedback.php (Line: 151)
POST Data (sanitized):
{
    "feedback_category": "org",
    "client_type": "",
    "date": "2025-05-01",
    "age": "",
    "office": "",
    "service": "",
    "organization": "5",
    "evaluate_event": "1",
    "event_quality": "1",
    "org_communication": "3",
    "inclusivity": "2",
    "leadership": "3",
    "skill_dev": "4",
    "impact": "3",
    "activity_title": "dawdaw",
    "activity_date": "2025-05-01",
    "venue": "dawd",
    "position": "awdawdwa",
    "student_org": "5",
    "communication_rating": "3",
    "video_quality": "4",
    "audio_quality": "2",
    "mastery_rating": "3",
    "time_management": "4",
    "methodologies": "3",
    "conduct": "3",
    "topic_informative": "3",
    "activity_relevance": "2",
    "improvements": "dawdawd",
    "email": "",
    "name": ""
}
--------------------------------------------------------------------------------
